<?xml version="1.0" encoding="UTF-8"?>
<robot generator="Robot 3.2.1 (Python 3.8.5 on darwin)" generated="20200819 11:13:16.952" rpa="false">
<suite id="s1" name="Dependency Pract" source="/Users/bipinsengar/bpn/git_pract/rf_practice/dependency_pract.robot">
<test id="s1-t1" name="Passing Test">
<kw name="No Operation" library="BuiltIn">
<doc>Does absolutely nothing.</doc>
<status status="PASS" starttime="20200819 11:13:16.976" endtime="20200819 11:13:16.977"></status>
</kw>
<status status="PASS" starttime="20200819 11:13:16.976" endtime="20200819 11:13:16.977" critical="yes"></status>
</test>
<test id="s1-t2" name="Failing Test">
<kw name="Fail" library="BuiltIn">
<doc>Fails the test with the given message and optionally alters its tags.</doc>
<arguments>
<arg>This test is intentionally hardcoded to fail</arg>
</arguments>
<msg timestamp="20200819 11:13:16.977" level="FAIL">This test is intentionally hardcoded to fail</msg>
<status status="FAIL" starttime="20200819 11:13:16.977" endtime="20200819 11:13:16.977"></status>
</kw>
<status status="FAIL" starttime="20200819 11:13:16.977" endtime="20200819 11:13:16.978" critical="yes">This test is intentionally hardcoded to fail</status>
</test>
<test id="s1-t3" name="This Test Depends on &quot;Passing Test&quot; Passing">
<kw name="Depends On Test" library="DependencyLibrary">
<arguments>
<arg>Failing Test</arg>
</arguments>
<msg timestamp="20200819 11:13:16.979" level="FAIL">Dependency not met: test case 'Failing Test' state is 'FAIL', wanted 'PASS'</msg>
<status status="FAIL" starttime="20200819 11:13:16.978" endtime="20200819 11:13:16.979"></status>
</kw>
<status status="FAIL" starttime="20200819 11:13:16.978" endtime="20200819 11:13:16.980" critical="yes">Dependency not met: test case 'Failing Test' state is 'FAIL', wanted 'PASS'</status>
</test>
<status status="FAIL" starttime="20200819 11:13:16.954" endtime="20200819 11:13:16.980"></status>
</suite>
<statistics>
<total>
<stat pass="1" fail="2">Critical Tests</stat>
<stat pass="1" fail="2">All Tests</stat>
</total>
<tag>
</tag>
<suite>
<stat pass="1" fail="2" id="s1" name="Dependency Pract">Dependency Pract</stat>
</suite>
</statistics>
<errors>
</errors>
</robot>
